[ 2025-07-16 02:49:49,296 ] 1025 httpx - INFO - HTTP Request: POST https://dagshub.com/login/oauth/middleman "HTTP/1.1 200 OK"
[ 2025-07-16 02:49:49,908 ] 1025 httpx - INFO - HTTP Request: POST https://dagshub.com/login/oauth/access_token "HTTP/1.1 200 OK"
[ 2025-07-16 02:49:50,611 ] 1025 httpx - INFO - HTTP Request: GET https://dagshub.com/api/v1/user "HTTP/1.1 200 OK"
[ 2025-07-16 02:49:50,615 ] 107 dagshub - INFO - Accessing as Abhishek-coder9998
[ 2025-07-16 02:49:51,327 ] 1025 httpx - INFO - HTTP Request: GET https://dagshub.com/api/v1/repos/Abhishek-coder9998/networksecurity "HTTP/1.1 200 OK"
[ 2025-07-16 02:49:51,942 ] 1025 httpx - INFO - HTTP Request: GET https://dagshub.com/api/v1/user "HTTP/1.1 200 OK"
[ 2025-07-16 02:49:51,944 ] 107 dagshub - INFO - Initialized MLflow to track repo "Abhishek-coder9998/networksecurity"
[ 2025-07-16 02:49:51,945 ] 107 dagshub - INFO - Repository Abhishek-coder9998/networksecurity initialized!
[ 2025-07-16 02:49:51,945 ] 20 root - INFO - Initiate the data ingestion
[ 2025-07-16 02:49:54,418 ] 65 root - INFO - Performed train test split on the dataframe
[ 2025-07-16 02:49:54,418 ] 67 root - INFO - Exited split_data_as_train_test method of Data_Ingestion class
[ 2025-07-16 02:49:54,418 ] 75 root - INFO - Exporting train and test file path.
[ 2025-07-16 02:49:54,465 ] 84 root - INFO - Exported train and test file path.
[ 2025-07-16 02:49:54,466 ] 22 root - INFO - Data Initiation Completed
[ 2025-07-16 02:49:54,510 ] 26 root - INFO - Initiate the data Validation
[ 2025-07-16 02:49:54,564 ] 32 root - INFO - Required number of columns:2
[ 2025-07-16 02:49:54,564 ] 33 root - INFO - Data frame has columns:31
[ 2025-07-16 02:49:54,564 ] 32 root - INFO - Required number of columns:2
[ 2025-07-16 02:49:54,564 ] 33 root - INFO - Data frame has columns:31
[ 2025-07-16 02:49:54,668 ] 28 root - INFO - data Validation Completed
[ 2025-07-16 02:49:54,669 ] 31 root - INFO - data Transformation started
[ 2025-07-16 02:49:54,669 ] 63 root - INFO - Entered initiate_data_transformation method of DataTransformation class
[ 2025-07-16 02:49:54,669 ] 65 root - INFO - Starting data transformation
[ 2025-07-16 02:49:54,688 ] 48 root - INFO - Entered get_data_trnasformer_object method of Trnasformation class
[ 2025-07-16 02:49:54,688 ] 53 root - INFO - Initialise KNNImputer with {'missing_values': nan, 'n_neighbors': 3, 'weights': 'uniform'}
[ 2025-07-16 02:49:54,699 ] 46 root - INFO - Entered the save_object method of MainUtils class
[ 2025-07-16 02:49:54,702 ] 50 root - INFO - Exited the save_object method of MainUtils class
[ 2025-07-16 02:49:54,702 ] 46 root - INFO - Entered the save_object method of MainUtils class
[ 2025-07-16 02:49:54,704 ] 50 root - INFO - Exited the save_object method of MainUtils class
[ 2025-07-16 02:49:54,705 ] 35 root - INFO - data Transformation completed
[ 2025-07-16 02:49:54,705 ] 37 root - INFO - Model Training sstared
